<?xml version="1.0" encoding="UTF-8"?>
<testsuite name="ConverterTest" tests="1" skipped="0" failures="0" errors="0" timestamp="2020-12-02T01:43:46" hostname="Y2Ds-iMac-5k.local" time="0.223">
  <properties/>
  <testcase name="start" classname="ConverterTest" time="0.223"/>
  <system-out><![CDATA[?[1;31m
Start test 1?[0m
> a b
Error
?[1;31m
Start test 2?[0m
> 11
> abc
Error
?[1;31m
Start test 3?[0m
> 11
> 1
> das
Error! It's not a number!!
?[1;31m
Start test 4?[0m
> 0
> 1
> das
Error! It's not a number!!
?[1;31m
Start test 5?[0m
> 37
> 1
> das
Error! It's not a number!!
?[1;31m
Start test 6?[0m
> 36
> 1
> 0
Error! Base can't be greater than 36 nor lower than 1
?[1;31m
Start test 7?[0m
> 36
> 1
> 37
Error! Base can't be greater than 36 nor lower than 1
?[1;31m
Start test 8?[0m
> c
Error
?[1;31m
Start test 9?[0m
> 12
> bc
Error
?[1;31m
Start test 10?[0m
> 12
> 1
> hf
Error! It's not a number!!
?[1;31m
Start test 11?[0m
> 0
> 2
> hf
Error! It's not a number!!
?[1;31m
Start test 12?[0m
> 37
> 2
> hf
Error! It's not a number!!
?[1;31m
Start test 13?[0m
> 14
> 2
> -1
Error! Base can't be greater than 36 nor lower than 1
?[1;31m
Start test 14?[0m
> 14
> 2
> 38
Error! Base can't be greater than 36 nor lower than 1
?[1;31m
Start test 15?[0m
> 10
> 0.234
> 7
0.14315
?[1;31m
Start test 16?[0m
> 10
> 10.234
> 7
13.14315
?[1;31m
Start test 17?[0m
> 6
> 2
> 1
11
?[1;31m
Start test 18?[0m
> 35
> af.xy
> 17
148.g88a8
?[1;31m
Start test 19?[0m
> 10
> 11
> 2
1011
?[1;31m
Start test 20?[0m
> 16
> aaaaa.0
> 24
22df2.00000
?[1;31m
Start test 21?[0m
> 16
> 0.cdefb
> 24
0.j78da
?[1;31m
Start test 22?[0m
> 16
> aaaaa.cdefb
> 24
22df2.j78da
?[1;31m
Start test 23?[0m
> 10
> 0.2340
> 7
0.14315
?[1;31m
Start test 24?[0m
> 10
> 10.2340
> 7
13.14315
?[1;31m
Start test 25?[0m
> 6
> 2
> 1
11
?[1;31m
Start test 26?[0m
> 35
> af.xy0
> 17
148.g88a8
?[1;31m
Start test 27?[0m
> 10
> 12
> 2
1100
?[1;31m
Start test 28?[0m
> 16
> aaaaa.00
> 24
22df2.00000
?[1;31m
Start test 29?[0m
> 16
> 0.cdefb0
> 24
0.j78da
?[1;31m
Start test 30?[0m
> 16
> aaaaa.cdefb0
> 24
22df2.j78da
?[1;31m
Start test 31?[0m
> 10
> 11
> 2
1011
?[1;31m
Start test 32?[0m
> 1
> 11111
> 10
5
?[1;31m
Start test 33?[0m
> 10
> 1000
> 36
rs
?[1;31m
Start test 34?[0m
> 21
> 4242
> 6
451552
?[1;31m
Start test 35?[0m
> 7
> 12
> 11
9
?[1;31m
Start test 36?[0m
> 5
> 300
> 10
75
?[1;31m
Start test 37?[0m
> 1
> 11111
> 5
10
?[1;31m
Start test 38?[0m
> 10
> 4
> 1
1111
?[1;31m
Start test 39?[0m
> 10
> 12
> 2
1100
?[1;31m
Start test 40?[0m
> 1
> 1111111
> 10
7
?[1;31m
Start test 41?[0m
> 10
> 1001
> 36
rt
?[1;31m
Start test 42?[0m
> 21
> 4243
> 6
451553
?[1;31m
Start test 43?[0m
> 7
> 13
> 11
a
?[1;31m
Start test 44?[0m
> 5
> 301
> 10
76
?[1;31m
Start test 45?[0m
> 1
> 111111
> 5
11
?[1;31m
Start test 46?[0m
> 10
> 5
> 1
11111
]]></system-out>
  <system-err><![CDATA[java.util.NoSuchElementException: No line found
	at java.base/java.util.Scanner.nextLine(Scanner.java:1651)
	at converter.Main.main(Main.java:14)
	at java.base/jdk.internal.reflect.NativeMethodAccessorImpl.invoke0(Native Method)
	at java.base/jdk.internal.reflect.NativeMethodAccessorImpl.invoke(NativeMethodAccessorImpl.java:62)
	at java.base/jdk.internal.reflect.DelegatingMethodAccessorImpl.invoke(DelegatingMethodAccessorImpl.java:43)
	at java.base/java.lang.reflect.Method.invoke(Method.java:566)
	at org.hyperskill.hstest.testing.TestedProgram.invokeMain(TestedProgram.java:152)
	at org.hyperskill.hstest.testing.TestedProgram.lambda$start$0(TestedProgram.java:201)
	at java.base/java.util.concurrent.Executors$RunnableAdapter.call(Executors.java:515)
	at java.base/java.util.concurrent.FutureTask.run(FutureTask.java:264)
	at java.base/java.util.concurrent.ThreadPoolExecutor.runWorker(ThreadPoolExecutor.java:1128)
	at java.base/java.util.concurrent.ThreadPoolExecutor$Worker.run(ThreadPoolExecutor.java:628)
	at java.base/java.lang.Thread.run(Thread.java:834)
java.util.NoSuchElementException: No line found
	at java.base/java.util.Scanner.nextLine(Scanner.java:1651)
	at converter.Main.main(Main.java:15)
	at java.base/jdk.internal.reflect.NativeMethodAccessorImpl.invoke0(Native Method)
	at java.base/jdk.internal.reflect.NativeMethodAccessorImpl.invoke(NativeMethodAccessorImpl.java:62)
	at java.base/jdk.internal.reflect.DelegatingMethodAccessorImpl.invoke(DelegatingMethodAccessorImpl.java:43)
	at java.base/java.lang.reflect.Method.invoke(Method.java:566)
	at org.hyperskill.hstest.testing.TestedProgram.invokeMain(TestedProgram.java:152)
	at org.hyperskill.hstest.testing.TestedProgram.lambda$start$0(TestedProgram.java:201)
	at java.base/java.util.concurrent.Executors$RunnableAdapter.call(Executors.java:515)
	at java.base/java.util.concurrent.FutureTask.run(FutureTask.java:264)
	at java.base/java.util.concurrent.ThreadPoolExecutor.runWorker(ThreadPoolExecutor.java:1128)
	at java.base/java.util.concurrent.ThreadPoolExecutor$Worker.run(ThreadPoolExecutor.java:628)
	at java.base/java.lang.Thread.run(Thread.java:834)
java.util.NoSuchElementException: No line found
	at java.base/java.util.Scanner.nextLine(Scanner.java:1651)
	at converter.Main.main(Main.java:14)
	at java.base/jdk.internal.reflect.NativeMethodAccessorImpl.invoke0(Native Method)
	at java.base/jdk.internal.reflect.NativeMethodAccessorImpl.invoke(NativeMethodAccessorImpl.java:62)
	at java.base/jdk.internal.reflect.DelegatingMethodAccessorImpl.invoke(DelegatingMethodAccessorImpl.java:43)
	at java.base/java.lang.reflect.Method.invoke(Method.java:566)
	at org.hyperskill.hstest.testing.TestedProgram.invokeMain(TestedProgram.java:152)
	at org.hyperskill.hstest.testing.TestedProgram.lambda$start$0(TestedProgram.java:201)
	at java.base/java.util.concurrent.Executors$RunnableAdapter.call(Executors.java:515)
	at java.base/java.util.concurrent.FutureTask.run(FutureTask.java:264)
	at java.base/java.util.concurrent.ThreadPoolExecutor.runWorker(ThreadPoolExecutor.java:1128)
	at java.base/java.util.concurrent.ThreadPoolExecutor$Worker.run(ThreadPoolExecutor.java:628)
	at java.base/java.lang.Thread.run(Thread.java:834)
java.util.NoSuchElementException: No line found
	at java.base/java.util.Scanner.nextLine(Scanner.java:1651)
	at converter.Main.main(Main.java:15)
	at java.base/jdk.internal.reflect.NativeMethodAccessorImpl.invoke0(Native Method)
	at java.base/jdk.internal.reflect.NativeMethodAccessorImpl.invoke(NativeMethodAccessorImpl.java:62)
	at java.base/jdk.internal.reflect.DelegatingMethodAccessorImpl.invoke(DelegatingMethodAccessorImpl.java:43)
	at java.base/java.lang.reflect.Method.invoke(Method.java:566)
	at org.hyperskill.hstest.testing.TestedProgram.invokeMain(TestedProgram.java:152)
	at org.hyperskill.hstest.testing.TestedProgram.lambda$start$0(TestedProgram.java:201)
	at java.base/java.util.concurrent.Executors$RunnableAdapter.call(Executors.java:515)
	at java.base/java.util.concurrent.FutureTask.run(FutureTask.java:264)
	at java.base/java.util.concurrent.ThreadPoolExecutor.runWorker(ThreadPoolExecutor.java:1128)
	at java.base/java.util.concurrent.ThreadPoolExecutor$Worker.run(ThreadPoolExecutor.java:628)
	at java.base/java.lang.Thread.run(Thread.java:834)
]]></system-err>
</testsuite>
